#
# There is insufficient memory for the Java Runtime Environment to continue.
# Native memory allocation (mmap) failed to map 209715200 bytes for Failed to commit area from 0x0000000090500000 to 0x000000009cd00000 of length 209715200.
# Possible reasons:
#   The system is out of physical RAM or swap space
#   The process is running with CompressedOops enabled, and the Java Heap may be blocking the growth of the native heap
# Possible solutions:
#   Reduce memory load on the system
#   Increase physical memory or swap space
#   Check if swap backing store is full
#   Decrease Java heap size (-Xmx/-Xms)
#   Decrease number of Java threads
#   Decrease Java thread stack sizes (-Xss)
#   Set larger code cache with -XX:ReservedCodeCacheSize=
#   JVM is running with Unscaled Compressed Oops mode in which the Java heap is
#     placed in the first 4GB address space. The Java Heap base address is the
#     maximum limit for the native heap growth. Please use -XX:HeapBaseMinAddress
#     to set the Java Heap base and to place the Java Heap above 4GB virtual address.
# This output file may be truncated or incomplete.
#
#  Out of Memory Error (t:/workspace/open/src/hotspot/os/windows/os_windows.cpp:3301), pid=27292, tid=468
#
# JRE version: Java(TM) SE Runtime Environment (13.0.2+8) (build 13.0.2+8)
# Java VM: Java HotSpot(TM) 64-Bit Server VM (13.0.2+8, mixed mode, sharing, tiered, compressed oops, g1 gc, windows-amd64)
# No core dump will be written. Minidumps are not enabled by default on client versions of Windows
#

---------------  S U M M A R Y ------------

Command Line: -Dfile.encoding=MS874 --module-path=D:\OUM\Ле1-2\CPE111\WK6\bin -Djdk.module.main=ass6 ass6/ass6.ass6

Host: Intel(R) Core(TM) i5-8265U CPU @ 1.60GHz, 8 cores, 7G,  Windows 10 , 64 bit Build 17763 (10.0.17763.1)
Time: Wed Jun  3 14:47:32 2020 SE Asia Standard Time elapsed time: 0 seconds (0d 0h 0m 0s)

---------------  T H R E A D  ---------------

Current thread (0x000002bcd2307800):  VMThread "VM Thread" [stack: 0x000000fbc5e00000,0x000000fbc5f00000] [id=468]

Stack: [0x000000fbc5e00000,0x000000fbc5f00000]
[error occurred during error reporting (printing stack bounds), id 0xc0000005, EXCEPTION_ACCESS_VIOLATION (0xc0000005) at pc=0x000002bcbb9f10ad]

Native frames: (J=compiled Java code, j=interpreted, Vv=VM code, C=native code)
V  [jvm.dll+0x624f9a]
V  [jvm.dll+0x770cfa]
V  [jvm.dll+0x7724af]
V  [jvm.dll+0x772a15]
V  [jvm.dll+0x7729cb]
V  [jvm.dll+0x6244df]
C  [ntdll.dll+0x66b06]
C  [ntdll.dll+0x4849]
C  [ntdll.dll+0xa33ee]
C  0x000002bcbb9f10ad

VM_Operation (0x000000fbc58feae0): G1CollectForAllocation, mode: safepoint, requested by thread 0x000002bcb34ea800


---------------  P R O C E S S  ---------------

Threads class SMR info:
_java_thread_list=0x000002bcd2e34a50, length=12, elements={
0x000002bcb34ea800, 0x000002bcd230b800, 0x000002bcd230f800, 0x000002bcd232d800,
0x000002bcd2330000, 0x000002bcd2331800, 0x000002bcd2341000, 0x000002bcd234d800,
0x000002bcd2d69000, 0x000002bcd2d6b800, 0x000002bcd2e8c800, 0x000002bcd2e42800
}

Java Threads: ( => current thread )
  0x000002bcb34ea800 JavaThread "main" [_thread_blocked, id=12452, stack(0x000000fbc5800000,0x000000fbc5900000)]
  0x000002bcd230b800 JavaThread "Reference Handler" daemon [_thread_blocked, id=28196, stack(0x000000fbc5f00000,0x000000fbc6000000)]
  0x000002bcd230f800 JavaThread "Finalizer" daemon [_thread_blocked, id=28996, stack(0x000000fbc6000000,0x000000fbc6100000)]
  0x000002bcd232d800 JavaThread "Signal Dispatcher" daemon [_thread_blocked, id=22036, stack(0x000000fbc6100000,0x000000fbc6200000)]
  0x000002bcd2330000 JavaThread "Attach Listener" daemon [_thread_blocked, id=7184, stack(0x000000fbc6200000,0x000000fbc6300000)]
  0x000002bcd2331800 JavaThread "C2 CompilerThread0" daemon [_thread_blocked, id=25864, stack(0x000000fbc6300000,0x000000fbc6400000)]
  0x000002bcd2341000 JavaThread "C1 CompilerThread0" daemon [_thread_blocked, id=20884, stack(0x000000fbc6400000,0x000000fbc6500000)]
  0x000002bcd234d800 JavaThread "Sweeper thread" daemon [_thread_blocked, id=23024, stack(0x000000fbc6500000,0x000000fbc6600000)]
  0x000002bcd2d69000 JavaThread "Common-Cleaner" daemon [_thread_blocked, id=13084, stack(0x000000fbc6600000,0x000000fbc6700000)]
  0x000002bcd2d6b800 JavaThread "Service Thread" daemon [_thread_blocked, id=27740, stack(0x000000fbc6700000,0x000000fbc6800000)]
  0x000002bcd2e8c800 JavaThread "C2 CompilerThread1" daemon [_thread_blocked, id=19540, stack(0x000000fbc6900000,0x000000fbc6a00000)]
  0x000002bcd2e42800 JavaThread "C2 CompilerThread2" daemon [_thread_blocked, id=10940, stack(0x000000fbc6a00000,0x000000fbc6b00000)]

Other Threads:
=>0x000002bcd2307800 VMThread "VM Thread" [stack: 0x000000fbc5e00000,0x000000fbc5f00000] [id=468]
  0x000002bcd2e28000 WatcherThread [stack: 0x000000fbc6800000,0x000000fbc6900000] [id=20200]
  0x000002bcb352e000 GCTaskThread "GC Thread#0" [stack: 0x000000fbc5900000,0x000000fbc5a00000] [id=8820]
  0x000002bcd31b5800 GCTaskThread "GC Thread#1" [stack: 0x000000fbc6b00000,0x000000fbc6c00000] [id=10716]
  0x000002bcd2e3e000 GCTaskThread "GC Thread#2" [stack: 0x000000fbc6c00000,0x000000fbc6d00000] [id=28736]
  0x000002bcd3466000 GCTaskThread "GC Thread#3" [stack: 0x000000fbc6d00000,0x000000fbc6e00000] [id=18104]
  0x000002bcd3e14800 GCTaskThread "GC Thread#4" [stack: 0x000000fbc6e00000,0x000000fbc6f00000] [id=18060]
  0x000002bcb3541000 ConcurrentGCThread "G1 Main Marker" [stack: 0x000000fbc5a00000,0x000000fbc5b00000] [id=20560]
  0x000002bcb3543000 ConcurrentGCThread "G1 Conc#0" [stack: 0x000000fbc5b00000,0x000000fbc5c00000] [id=26880]
  0x000002bcb35bd800 ConcurrentGCThread "G1 Refine#0" [stack: 0x000000fbc5c00000,0x000000fbc5d00000] [id=14876]
  0x000002bcd2186800 ConcurrentGCThread "G1 Young RemSet Sampling" [stack: 0x000000fbc5d00000,0x000000fbc5e00000] [id=15168]

Threads with active compile tasks:

VM state:at safepoint (normal execution)

VM Mutex/Monitor currently owned by a thread:  ([mutex/lock_event])
[0x000002bcb34e6920] Threads_lock - owner thread: 0x000002bcd2307800
[0x000002bcb34e6b60] Heap_lock - owner thread: 0x000002bcb34ea800

Heap address: 0x0000000082400000, size: 2012 MB, Compressed Oops mode: 32-bit
Narrow klass base: 0x0000000800000000, Narrow klass shift: 3
Compressed class space size: 1073741824 Address: 0x0000000800b40000

Heap:
 garbage-first heap   total 435200K, used 17371K [0x0000000082400000, 0x0000000100000000)
  region size 1024K, 10 young (10240K), 10 survivors (10240K)
 Metaspace       used 1242K, capacity 4756K, committed 4864K, reserved 1056768K
  class space    used 105K, capacity 433K, committed 512K, reserved 1048576K
Heap Regions: E=young(eden), S=young(survivor), O=old, HS=humongous(starts), HC=humongous(continues), CS=collection set, F=free, A=archive, TAMS=top-at-mark-start (previous, next)
|   0|0x0000000082400000, 0x0000000082500000, 0x0000000082500000|100%| O|  |TAMS 0x0000000082400000, 0x0000000082400000| Untracked 
|   1|0x0000000082500000, 0x0000000082600000, 0x0000000082600000|100%| O|  |TAMS 0x0000000082500000, 0x0000000082500000| Untracked 
|   2|0x0000000082600000, 0x0000000082700000, 0x0000000082700000|100%| O|  |TAMS 0x0000000082600000, 0x0000000082600000| Untracked 
|   3|0x0000000082700000, 0x0000000082800000, 0x0000000082800000|100%| O|  |TAMS 0x0000000082700000, 0x0000000082700000| Untracked 
|   4|0x0000000082800000, 0x0000000082900000, 0x0000000082900000|100%| O|  |TAMS 0x0000000082800000, 0x0000000082800000| Untracked 
|   5|0x0000000082900000, 0x0000000082a00000, 0x0000000082a00000|100%| O|  |TAMS 0x0000000082900000, 0x0000000082900000| Untracked 
|   6|0x0000000082a00000, 0x0000000082b00000, 0x0000000082b00000|100%| O|  |TAMS 0x0000000082a00000, 0x0000000082a00000| Untracked 
|   7|0x0000000082b00000, 0x0000000082baa800, 0x0000000082c00000| 66%| O|  |TAMS 0x0000000082b00000, 0x0000000082b00000| Untracked 
|   8|0x0000000082c00000, 0x0000000082c00000, 0x0000000082d00000|  0%| F|  |TAMS 0x0000000082c00000, 0x0000000082c00000| Untracked 
|   9|0x0000000082d00000, 0x0000000082d00000, 0x0000000082e00000|  0%| F|  |TAMS 0x0000000082d00000, 0x0000000082d00000| Untracked 
|  10|0x0000000082e00000, 0x0000000082e00000, 0x0000000082f00000|  0%| F|  |TAMS 0x0000000082e00000, 0x0000000082e00000| Untracked 
|  11|0x0000000082f00000, 0x0000000082f00000, 0x0000000083000000|  0%| F|  |TAMS 0x0000000082f00000, 0x0000000082f00000| Untracked 
|  12|0x0000000083000000, 0x0000000083000000, 0x0000000083100000|  0%| F|  |TAMS 0x0000000083000000, 0x0000000083000000| Untracked 
|  13|0x0000000083100000, 0x0000000083100000, 0x0000000083200000|  0%| F|  |TAMS 0x0000000083100000, 0x0000000083100000| Untracked 
|  14|0x0000000083200000, 0x0000000083200000, 0x0000000083300000|  0%| F|  |TAMS 0x0000000083200000, 0x0000000083200000| Untracked 
|  15|0x0000000083300000, 0x0000000083300000, 0x0000000083400000|  0%| F|  |TAMS 0x0000000083300000, 0x0000000083300000| Untracked 
|  16|0x0000000083400000, 0x0000000083400000, 0x0000000083500000|  0%| F|  |TAMS 0x0000000083400000, 0x0000000083400000| Untracked 
|  17|0x0000000083500000, 0x0000000083500000, 0x0000000083600000|  0%| F|  |TAMS 0x0000000083500000, 0x0000000083500000| Untracked 
|  18|0x0000000083600000, 0x0000000083600000, 0x0000000083700000|  0%| F|  |TAMS 0x0000000083600000, 0x0000000083600000| Untracked 
|  19|0x0000000083700000, 0x0000000083700000, 0x0000000083800000|  0%| F|  |TAMS 0x0000000083700000, 0x0000000083700000| Untracked 
|  20|0x0000000083800000, 0x0000000083800000, 0x0000000083900000|  0%| F|  |TAMS 0x0000000083800000, 0x0000000083800000| Untracked 
|  21|0x0000000083900000, 0x0000000083900000, 0x0000000083a00000|  0%| F|  |TAMS 0x0000000083900000, 0x0000000083900000| Untracked 
|  22|0x0000000083a00000, 0x0000000083a00000, 0x0000000083b00000|  0%| F|  |TAMS 0x0000000083a00000, 0x0000000083a00000| Untracked 
|  23|0x0000000083b00000, 0x0000000083b00000, 0x0000000083c00000|  0%| F|  |TAMS 0x0000000083b00000, 0x0000000083b00000| Untracked 
|  24|0x0000000083c00000, 0x0000000083c00000, 0x0000000083d00000|  0%| F|  |TAMS 0x0000000083c00000, 0x0000000083c00000| Untracked 
|  25|0x0000000083d00000, 0x0000000083d00000, 0x0000000083e00000|  0%| F|  |TAMS 0x0000000083d00000, 0x0000000083d00000| Untracked 
|  26|0x0000000083e00000, 0x0000000083e00000, 0x0000000083f00000|  0%| F|  |TAMS 0x0000000083e00000, 0x0000000083e00000| Untracked 
|  27|0x0000000083f00000, 0x0000000083f00000, 0x0000000084000000|  0%| F|  |TAMS 0x0000000083f00000, 0x0000000083f00000| Untracked 
|  28|0x0000000084000000, 0x0000000084000000, 0x0000000084100000|  0%| F|  |TAMS 0x0000000084000000, 0x0000000084000000| Untracked 
|  29|0x0000000084100000, 0x0000000084100000, 0x0000000084200000|  0%| F|  |TAMS 0x0000000084100000, 0x0000000084100000| Untracked 
|  30|0x0000000084200000, 0x0000000084200000, 0x0000000084300000|  0%| F|  |TAMS 0x0000000084200000, 0x0000000084200000| Untracked 
|  31|0x0000000084300000, 0x0000000084300000, 0x0000000084400000|  0%| F|  |TAMS 0x0000000084300000, 0x0000000084300000| Untracked 
|  32|0x0000000084400000, 0x0000000084400000, 0x0000000084500000|  0%| F|  |TAMS 0x0000000084400000, 0x0000000084400000| Untracked 
|  33|0x0000000084500000, 0x0000000084500000, 0x0000000084600000|  0%| F|  |TAMS 0x0000000084500000, 0x0000000084500000| Untracked 
|  34|0x0000000084600000, 0x0000000084600000, 0x0000000084700000|  0%| F|  |TAMS 0x0000000084600000, 0x0000000084600000| Untracked 
|  35|0x0000000084700000, 0x0000000084700000, 0x0000000084800000|  0%| F|  |TAMS 0x0000000084700000, 0x0000000084700000| Untracked 
|  36|0x0000000084800000, 0x0000000084800000, 0x0000000084900000|  0%| F|  |TAMS 0x0000000084800000, 0x0000000084800000| Untracked 
|  37|0x0000000084900000, 0x0000000084900000, 0x0000000084a00000|  0%| F|  |TAMS 0x0000000084900000, 0x0000000084900000| Untracked 
|  38|0x0000000084a00000, 0x0000000084a00000, 0x0000000084b00000|  0%| F|  |TAMS 0x0000000084a00000, 0x0000000084a00000| Untracked 
|  39|0x0000000084b00000, 0x0000000084b00000, 0x0000000084c00000|  0%| F|  |TAMS 0x0000000084b00000, 0x0000000084b00000| Untracked 
|  40|0x0000000084c00000, 0x0000000084c00000, 0x0000000084d00000|  0%| F|  |TAMS 0x0000000084c00000, 0x0000000084c00000| Untracked 
|  41|0x0000000084d00000, 0x0000000084d00000, 0x0000000084e00000|  0%| F|  |TAMS 0x0000000084d00000, 0x0000000084d00000| Untracked 
|  42|0x0000000084e00000, 0x0000000084e00000, 0x0000000084f00000|  0%| F|  |TAMS 0x0000000084e00000, 0x0000000084e00000| Untracked 
|  43|0x0000000084f00000, 0x0000000084f00000, 0x0000000085000000|  0%| F|  |TAMS 0x0000000084f00000, 0x0000000084f00000| Untracked 
|  44|0x0000000085000000, 0x0000000085000000, 0x0000000085100000|  0%| F|  |TAMS 0x0000000085000000, 0x0000000085000000| Untracked 
|  45|0x0000000085100000, 0x0000000085100000, 0x0000000085200000|  0%| F|  |TAMS 0x0000000085100000, 0x0000000085100000| Untracked 
|  46|0x0000000085200000, 0x0000000085200000, 0x0000000085300000|  0%| F|  |TAMS 0x0000000085200000, 0x0000000085200000| Untracked 
|  47|0x0000000085300000, 0x0000000085300000, 0x0000000085400000|  0%| F|  |TAMS 0x0000000085300000, 0x0000000085300000| Untracked 
|  48|0x0000000085400000, 0x0000000085400000, 0x0000000085500000|  0%| F|  |TAMS 0x0000000085400000, 0x0000000085400000| Untracked 
|  49|0x0000000085500000, 0x0000000085500000, 0x0000000085600000|  0%| F|  |TAMS 0x0000000085500000, 0x0000000085500000| Untracked 
|  50|0x0000000085600000, 0x0000000085600000, 0x0000000085700000|  0%| F|  |TAMS 0x0000000085600000, 0x0000000085600000| Untracked 
|  51|0x0000000085700000, 0x0000000085700000, 0x0000000085800000|  0%| F|  |TAMS 0x0000000085700000, 0x0000000085700000| Untracked 
|  52|0x0000000085800000, 0x0000000085800000, 0x0000000085900000|  0%| F|  |TAMS 0x0000000085800000, 0x0000000085800000| Untracked 
|  53|0x0000000085900000, 0x0000000085900000, 0x0000000085a00000|  0%| F|  |TAMS 0x0000000085900000, 0x0000000085900000| Untracked 
|  54|0x0000000085a00000, 0x0000000085a00000, 0x0000000085b00000|  0%| F|  |TAMS 0x0000000085a00000, 0x0000000085a00000| Untracked 
|  55|0x0000000085b00000, 0x0000000085b00000, 0x0000000085c00000|  0%| F|  |TAMS 0x0000000085b00000, 0x0000000085b00000| Untracked 
|  56|0x0000000085c00000, 0x0000000085c00000, 0x0000000085d00000|  0%| F|  |TAMS 0x0000000085c00000, 0x0000000085c00000| Untracked 
|  57|0x0000000085d00000, 0x0000000085d00000, 0x0000000085e00000|  0%| F|  |TAMS 0x0000000085d00000, 0x0000000085d00000| Untracked 
|  58|0x0000000085e00000, 0x0000000085e00000, 0x0000000085f00000|  0%| F|  |TAMS 0x0000000085e00000, 0x0000000085e00000| Untracked 
|  59|0x0000000085f00000, 0x0000000085f00000, 0x0000000086000000|  0%| F|  |TAMS 0x0000000085f00000, 0x0000000085f00000| Untracked 
|  60|0x0000000086000000, 0x0000000086000000, 0x0000000086100000|  0%| F|  |TAMS 0x0000000086000000, 0x0000000086000000| Untracked 
|  61|0x0000000086100000, 0x0000000086100000, 0x0000000086200000|  0%| F|  |TAMS 0x0000000086100000, 0x0000000086100000| Untracked 
|  62|0x0000000086200000, 0x0000000086200000, 0x0000000086300000|  0%| F|  |TAMS 0x0000000086200000, 0x0000000086200000| Untracked 
|  63|0x0000000086300000, 0x0000000086300000, 0x0000000086400000|  0%| F|  |TAMS 0x0000000086300000, 0x0000000086300000| Untracked 
|  64|0x0000000086400000, 0x0000000086400000, 0x0000000086500000|  0%| F|  |TAMS 0x0000000086400000, 0x0000000086400000| Untracked 
|  65|0x0000000086500000, 0x0000000086500000, 0x0000000086600000|  0%| F|  |TAMS 0x0000000086500000, 0x0000000086500000| Untracked 
|  66|0x0000000086600000, 0x0000000086600000, 0x0000000086700000|  0%| F|  |TAMS 0x0000000086600000, 0x0000000086600000| Untracked 
|  67|0x0000000086700000, 0x0000000086700000, 0x0000000086800000|  0%| F|  |TAMS 0x0000000086700000, 0x0000000086700000| Untracked 
|  68|0x0000000086800000, 0x0000000086800000, 0x0000000086900000|  0%| F|  |TAMS 0x0000000086800000, 0x0000000086800000| Untracked 
|  69|0x0000000086900000, 0x0000000086900000, 0x0000000086a00000|  0%| F|  |TAMS 0x0000000086900000, 0x0000000086900000| Untracked 
|  70|0x0000000086a00000, 0x0000000086a00000, 0x0000000086b00000|  0%| F|  |TAMS 0x0000000086a00000, 0x0000000086a00000| Untracked 
|  71|0x0000000086b00000, 0x0000000086b00000, 0x0000000086c00000|  0%| F|  |TAMS 0x0000000086b00000, 0x0000000086b00000| Untracked 
|  72|0x0000000086c00000, 0x0000000086c00000, 0x0000000086d00000|  0%| F|  |TAMS 0x0000000086c00000, 0x0000000086c00000| Untracked 
|  73|0x0000000086d00000, 0x0000000086d00000, 0x0000000086e00000|  0%| F|  |TAMS 0x0000000086d00000, 0x0000000086d00000| Untracked 
|  74|0x0000000086e00000, 0x0000000086e00000, 0x0000000086f00000|  0%| F|  |TAMS 0x0000000086e00000, 0x0000000086e00000| Untracked 
|  75|0x0000000086f00000, 0x0000000086f00000, 0x0000000087000000|  0%| F|  |TAMS 0x0000000086f00000, 0x0000000086f00000| Untracked 
|  76|0x0000000087000000, 0x0000000087000000, 0x0000000087100000|  0%| F|  |TAMS 0x0000000087000000, 0x0000000087000000| Untracked 
|  77|0x0000000087100000, 0x0000000087100000, 0x0000000087200000|  0%| F|  |TAMS 0x0000000087100000, 0x0000000087100000| Untracked 
|  78|0x0000000087200000, 0x0000000087200000, 0x0000000087300000|  0%| F|  |TAMS 0x0000000087200000, 0x0000000087200000| Untracked 
|  79|0x0000000087300000, 0x0000000087300000, 0x0000000087400000|  0%| F|  |TAMS 0x0000000087300000, 0x0000000087300000| Untracked 
|  80|0x0000000087400000, 0x000000008744c6c8, 0x0000000087500000| 29%| S|CS|TAMS 0x0000000087400000, 0x0000000087400000| Complete 
|  81|0x0000000087500000, 0x0000000087600000, 0x0000000087600000|100%| S|CS|TAMS 0x0000000087500000, 0x0000000087500000| Complete 
|  82|0x0000000087600000, 0x0000000087700000, 0x0000000087700000|100%| S|CS|TAMS 0x0000000087600000, 0x0000000087600000| Complete 
|  83|0x0000000087700000, 0x0000000087800000, 0x0000000087800000|100%| S|CS|TAMS 0x0000000087700000, 0x0000000087700000| Complete 
|  84|0x0000000087800000, 0x0000000087900000, 0x0000000087900000|100%| S|CS|TAMS 0x0000000087800000, 0x0000000087800000| Complete 
|  85|0x0000000087900000, 0x0000000087a00000, 0x0000000087a00000|100%| S|CS|TAMS 0x0000000087900000, 0x0000000087900000| Complete 
|  86|0x0000000087a00000, 0x0000000087b00000, 0x0000000087b00000|100%| S|CS|TAMS 0x0000000087a00000, 0x0000000087a00000| Complete 
|  87|0x0000000087b00000, 0x0000000087c00000, 0x0000000087c00000|100%| S|CS|TAMS 0x0000000087b00000, 0x0000000087b00000| Complete 
|  88|0x0000000087c00000, 0x0000000087d00000, 0x0000000087d00000|100%| S|CS|TAMS 0x0000000087c00000, 0x0000000087c00000| Complete 
|  89|0x0000000087d00000, 0x0000000087e00000, 0x0000000087e00000|100%| S|CS|TAMS 0x0000000087d00000, 0x0000000087d00000| Complete 
|  90|0x0000000087e00000, 0x0000000087e00000, 0x0000000087f00000|  0%| F|  |TAMS 0x0000000087e00000, 0x0000000087e00000| Untracked 
|  91|0x0000000087f00000, 0x0000000087f00000, 0x0000000088000000|  0%| F|  |TAMS 0x0000000087f00000, 0x0000000087f00000| Untracked 
|  92|0x0000000088000000, 0x0000000088000000, 0x0000000088100000|  0%| F|  |TAMS 0x0000000088000000, 0x0000000088000000| Untracked 
|  93|0x0000000088100000, 0x0000000088100000, 0x0000000088200000|  0%| F|  |TAMS 0x0000000088100000, 0x0000000088100000| Untracked 
|  94|0x0000000088200000, 0x0000000088200000, 0x0000000088300000|  0%| F|  |TAMS 0x0000000088200000, 0x0000000088200000| Untracked 
|  95|0x0000000088300000, 0x0000000088300000, 0x0000000088400000|  0%| F|  |TAMS 0x0000000088300000, 0x0000000088300000| Untracked 
|  96|0x0000000088400000, 0x0000000088400000, 0x0000000088500000|  0%| F|  |TAMS 0x0000000088400000, 0x0000000088400000| Untracked 
|  97|0x0000000088500000, 0x0000000088500000, 0x0000000088600000|  0%| F|  |TAMS 0x0000000088500000, 0x0000000088500000| Untracked 
|  98|0x0000000088600000, 0x0000000088600000, 0x0000000088700000|  0%| F|  |TAMS 0x0000000088600000, 0x0000000088600000| Untracked 
|  99|0x0000000088700000, 0x0000000088700000, 0x0000000088800000|  0%| F|  |TAMS 0x0000000088700000, 0x0000000088700000| Untracked 
| 100|0x0000000088800000, 0x0000000088800000, 0x0000000088900000|  0%| F|  |TAMS 0x0000000088800000, 0x0000000088800000| Untracked 
| 101|0x0000000088900000, 0x0000000088900000, 0x0000000088a00000|  0%| F|  |TAMS 0x0000000088900000, 0x0000000088900000| Untracked 
| 102|0x0000000088a00000, 0x0000000088a00000, 0x0000000088b00000|  0%| F|  |TAMS 0x0000000088a00000, 0x0000000088a00000| Untracked 
| 103|0x0000000088b00000, 0x0000000088b00000, 0x0000000088c00000|  0%| F|  |TAMS 0x0000000088b00000, 0x0000000088b00000| Untracked 
| 104|0x0000000088c00000, 0x0000000088c00000, 0x0000000088d00000|  0%| F|  |TAMS 0x0000000088c00000, 0x0000000088c00000| Untracked 
| 105|0x0000000088d00000, 0x0000000088d00000, 0x0000000088e00000|  0%| F|  |TAMS 0x0000000088d00000, 0x0000000088d00000| Untracked 
| 106|0x0000000088e00000, 0x0000000088e00000, 0x0000000088f00000|  0%| F|  |TAMS 0x0000000088e00000, 0x0000000088e00000| Untracked 
| 107|0x0000000088f00000, 0x0000000088f00000, 0x0000000089000000|  0%| F|  |TAMS 0x0000000088f00000, 0x0000000088f00000| Untracked 
| 108|0x0000000089000000, 0x0000000089000000, 0x0000000089100000|  0%| F|  |TAMS 0x0000000089000000, 0x0000000089000000| Untracked 
| 109|0x0000000089100000, 0x0000000089100000, 0x0000000089200000|  0%| F|  |TAMS 0x0000000089100000, 0x0000000089100000| Untracked 
| 110|0x0000000089200000, 0x0000000089200000, 0x0000000089300000|  0%| F|  |TAMS 0x0000000089200000, 0x0000000089200000| Untracked 
| 111|0x0000000089300000, 0x0000000089300000, 0x0000000089400000|  0%| F|  |TAMS 0x0000000089300000, 0x0000000089300000| Untracked 
| 112|0x0000000089400000, 0x0000000089400000, 0x0000000089500000|  0%| F|  |TAMS 0x0000000089400000, 0x0000000089400000| Untracked 
| 113|0x0000000089500000, 0x0000000089500000, 0x0000000089600000|  0%| F|  |TAMS 0x0000000089500000, 0x0000000089500000| Untracked 
| 114|0x0000000089600000, 0x0000000089600000, 0x0000000089700000|  0%| F|  |TAMS 0x0000000089600000, 0x0000000089600000| Untracked 
| 115|0x0000000089700000, 0x0000000089700000, 0x0000000089800000|  0%| F|  |TAMS 0x0000000089700000, 0x0000000089700000| Untracked 
| 116|0x0000000089800000, 0x0000000089800000, 0x0000000089900000|  0%| F|  |TAMS 0x0000000089800000, 0x0000000089800000| Untracked 
| 117|0x0000000089900000, 0x0000000089900000, 0x0000000089a00000|  0%| F|  |TAMS 0x0000000089900000, 0x0000000089900000| Untracked 
| 118|0x0000000089a00000, 0x0000000089a00000, 0x0000000089b00000|  0%| F|  |TAMS 0x0000000089a00000, 0x0000000089a00000| Untracked 
| 119|0x0000000089b00000, 0x0000000089b00000, 0x0000000089c00000|  0%| F|  |TAMS 0x0000000089b00000, 0x0000000089b00000| Untracked 
| 120|0x0000000089c00000, 0x0000000089c00000, 0x0000000089d00000|  0%| F|  |TAMS 0x0000000089c00000, 0x0000000089c00000| Untracked 
| 121|0x0000000089d00000, 0x0000000089d00000, 0x0000000089e00000|  0%| F|  |TAMS 0x0000000089d00000, 0x0000000089d00000| Untracked 
| 122|0x0000000089e00000, 0x0000000089e00000, 0x0000000089f00000|  0%| F|  |TAMS 0x0000000089e00000, 0x0000000089e00000| Untracked 
| 123|0x0000000089f00000, 0x0000000089f00000, 0x000000008a000000|  0%| F|  |TAMS 0x0000000089f00000, 0x0000000089f00000| Untracked 
| 124|0x000000008a000000, 0x000000008a000000, 0x000000008a100000|  0%| F|  |TAMS 0x000000008a000000, 0x000000008a000000| Untracked 
| 125|0x000000008a100000, 0x000000008a100000, 0x000000008a200000|  0%| F|  |TAMS 0x000000008a100000, 0x000000008a100000| Untracked 
| 126|0x000000008a200000, 0x000000008a200000, 0x000000008a300000|  0%| F|  |TAMS 0x000000008a200000, 0x000000008a200000| Untracked 
| 127|0x000000008a300000, 0x000000008a300000, 0x000000008a400000|  0%| F|  |TAMS 0x000000008a300000, 0x000000008a300000| Untracked 
| 128|0x000000008a400000, 0x000000008a400000, 0x000000008a500000|  0%| F|  |TAMS 0x000000008a400000, 0x000000008a400000| Untracked 
| 129|0x000000008a500000, 0x000000008a500000, 0x000000008a600000|  0%| F|  |TAMS 0x000000008a500000, 0x000000008a500000| Untracked 
| 130|0x000000008a600000, 0x000000008a600000, 0x000000008a700000|  0%| F|  |TAMS 0x000000008a600000, 0x000000008a600000| Untracked 
| 131|0x000000008a700000, 0x000000008a700000, 0x000000008a800000|  0%| F|  |TAMS 0x000000008a700000, 0x000000008a700000| Untracked 
| 132|0x000000008a800000, 0x000000008a800000, 0x000000008a900000|  0%| F|  |TAMS 0x000000008a800000, 0x000000008a800000| Untracked 
| 133|0x000000008a900000, 0x000000008a900000, 0x000000008aa00000|  0%| F|  |TAMS 0x000000008a900000, 0x000000008a900000| Untracked 
| 134|0x000000008aa00000, 0x000000008aa00000, 0x000000008ab00000|  0%| F|  |TAMS 0x000000008aa00000, 0x000000008aa00000| Untracked 
| 135|0x000000008ab00000, 0x000000008ab00000, 0x000000008ac00000|  0%| F|  |TAMS 0x000000008ab00000, 0x000000008ab00000| Untracked 
| 136|0x000000008ac00000, 0x000000008ac00000, 0x000000008ad00000|  0%| F|  |TAMS 0x000000008ac00000, 0x000000008ac00000| Untracked 
| 137|0x000000008ad00000, 0x000000008ad00000, 0x000000008ae00000|  0%| F|  |TAMS 0x000000008ad00000, 0x000000008ad00000| Untracked 
| 138|0x000000008ae00000, 0x000000008ae00000, 0x000000008af00000|  0%| F|  |TAMS 0x000000008ae00000, 0x000000008ae00000| Untracked 
| 139|0x000000008af00000, 0x000000008af00000, 0x000000008b000000|  0%| F|  |TAMS 0x000000008af00000, 0x000000008af00000| Untracked 
| 140|0x000000008b000000, 0x000000008b000000, 0x000000008b100000|  0%| F|  |TAMS 0x000000008b000000, 0x000000008b000000| Untracked 
| 141|0x000000008b100000, 0x000000008b100000, 0x000000008b200000|  0%| F|  |TAMS 0x000000008b100000, 0x000000008b100000| Untracked 
| 142|0x000000008b200000, 0x000000008b200000, 0x000000008b300000|  0%| F|  |TAMS 0x000000008b200000, 0x000000008b200000| Untracked 
| 143|0x000000008b300000, 0x000000008b300000, 0x000000008b400000|  0%| F|  |TAMS 0x000000008b300000, 0x000000008b300000| Untracked 
| 144|0x000000008b400000, 0x000000008b400000, 0x000000008b500000|  0%| F|  |TAMS 0x000000008b400000, 0x000000008b400000| Untracked 
| 145|0x000000008b500000, 0x000000008b500000, 0x000000008b600000|  0%| F|  |TAMS 0x000000008b500000, 0x000000008b500000| Untracked 
| 146|0x000000008b600000, 0x000000008b600000, 0x000000008b700000|  0%| F|  |TAMS 0x000000008b600000, 0x000000008b600000| Untracked 
| 147|0x000000008b700000, 0x000000008b700000, 0x000000008b800000|  0%| F|  |TAMS 0x000000008b700000, 0x000000008b700000| Untracked 
| 148|0x000000008b800000, 0x000000008b800000, 0x000000008b900000|  0%| F|  |TAMS 0x000000008b800000, 0x000000008b800000| Untracked 
| 149|0x000000008b900000, 0x000000008b900000, 0x000000008ba00000|  0%| F|  |TAMS 0x000000008b900000, 0x000000008b900000| Untracked 
| 150|0x000000008ba00000, 0x000000008ba00000, 0x000000008bb00000|  0%| F|  |TAMS 0x000000008ba00000, 0x000000008ba00000| Untracked 
| 151|0x000000008bb00000, 0x000000008bb00000, 0x000000008bc00000|  0%| F|  |TAMS 0x000000008bb00000, 0x000000008bb00000| Untracked 
| 152|0x000000008bc00000, 0x000000008bc00000, 0x000000008bd00000|  0%| F|  |TAMS 0x000000008bc00000, 0x000000008bc00000| Untracked 
| 153|0x000000008bd00000, 0x000000008bd00000, 0x000000008be00000|  0%| F|  |TAMS 0x000000008bd00000, 0x000000008bd00000| Untracked 
| 154|0x000000008be00000, 0x000000008be00000, 0x000000008bf00000|  0%| F|  |TAMS 0x000000008be00000, 0x000000008be00000| Untracked 
| 155|0x000000008bf00000, 0x000000008bf00000, 0x000000008c000000|  0%| F|  |TAMS 0x000000008bf00000, 0x000000008bf00000| Untracked 
| 156|0x000000008c000000, 0x000000008c000000, 0x000000008c100000|  0%| F|  |TAMS 0x000000008c000000, 0x000000008c000000| Untracked 
| 157|0x000000008c100000, 0x000000008c100000, 0x000000008c200000|  0%| F|  |TAMS 0x000000008c100000, 0x000000008c100000| Untracked 
| 158|0x000000008c200000, 0x000000008c200000, 0x000000008c300000|  0%| F|  |TAMS 0x000000008c200000, 0x000000008c200000| Untracked 
| 159|0x000000008c300000, 0x000000008c300000, 0x000000008c400000|  0%| F|  |TAMS 0x000000008c300000, 0x000000008c300000| Untracked 
| 160|0x000000008c400000, 0x000000008c400000, 0x000000008c500000|  0%| F|  |TAMS 0x000000008c400000, 0x000000008c400000| Untracked 
| 161|0x000000008c500000, 0x000000008c500000, 0x000000008c600000|  0%| F|  |TAMS 0x000000008c500000, 0x000000008c500000| Untracked 
| 162|0x000000008c600000, 0x000000008c600000, 0x000000008c700000|  0%| F|  |TAMS 0x000000008c600000, 0x000000008c600000| Untracked 
| 163|0x000000008c700000, 0x000000008c700000, 0x000000008c800000|  0%| F|  |TAMS 0x000000008c700000, 0x000000008c700000| Untracked 
| 164|0x000000008c800000, 0x000000008c800000, 0x000000008c900000|  0%| F|  |TAMS 0x000000008c800000, 0x000000008c800000| Untracked 
| 165|0x000000008c900000, 0x000000008c900000, 0x000000008ca00000|  0%| F|  |TAMS 0x000000008c900000, 0x000000008c900000| Untracked 
| 166|0x000000008ca00000, 0x000000008ca00000, 0x000000008cb00000|  0%| F|  |TAMS 0x000000008ca00000, 0x000000008ca00000| Untracked 
| 167|0x000000008cb00000, 0x000000008cb00000, 0x000000008cc00000|  0%| F|  |TAMS 0x000000008cb00000, 0x000000008cb00000| Untracked 
| 168|0x000000008cc00000, 0x000000008cc00000, 0x000000008cd00000|  0%| F|  |TAMS 0x000000008cc00000, 0x000000008cc00000| Untracked 
| 169|0x000000008cd00000, 0x000000008cd00000, 0x000000008ce00000|  0%| F|  |TAMS 0x000000008cd00000, 0x000000008cd00000| Untracked 
| 170|0x000000008ce00000, 0x000000008ce00000, 0x000000008cf00000|  0%| F|  |TAMS 0x000000008ce00000, 0x000000008ce00000| Untracked 
| 171|0x000000008cf00000, 0x000000008cf00000, 0x000000008d000000|  0%| F|  |TAMS 0x000000008cf00000, 0x000000008cf00000| Untracked 
| 172|0x000000008d000000, 0x000000008d000000, 0x000000008d100000|  0%| F|  |TAMS 0x000000008d000000, 0x000000008d000000| Untracked 
| 173|0x000000008d100000, 0x000000008d100000, 0x000000008d200000|  0%| F|  |TAMS 0x000000008d100000, 0x000000008d100000| Untracked 
| 174|0x000000008d200000, 0x000000008d200000, 0x000000008d300000|  0%| F|  |TAMS 0x000000008d200000, 0x000000008d200000| Untracked 
| 175|0x000000008d300000, 0x000000008d300000, 0x000000008d400000|  0%| F|  |TAMS 0x000000008d300000, 0x000000008d300000| Untracked 
| 176|0x000000008d400000, 0x000000008d400000, 0x000000008d500000|  0%| F|  |TAMS 0x000000008d400000, 0x000000008d400000| Untracked 
| 177|0x000000008d500000, 0x000000008d500000, 0x000000008d600000|  0%| F|  |TAMS 0x000000008d500000, 0x000000008d500000| Untracked 
| 178|0x000000008d600000, 0x000000008d600000, 0x000000008d700000|  0%| F|  |TAMS 0x000000008d600000, 0x000000008d600000| Untracked 
| 179|0x000000008d700000, 0x000000008d700000, 0x000000008d800000|  0%| F|  |TAMS 0x000000008d700000, 0x000000008d700000| Untracked 
| 180|0x000000008d800000, 0x000000008d800000, 0x000000008d900000|  0%| F|  |TAMS 0x000000008d800000, 0x000000008d800000| Untracked 
| 181|0x000000008d900000, 0x000000008d900000, 0x000000008da00000|  0%| F|  |TAMS 0x000000008d900000, 0x000000008d900000| Untracked 
| 182|0x000000008da00000, 0x000000008da00000, 0x000000008db00000|  0%| F|  |TAMS 0x000000008da00000, 0x000000008da00000| Untracked 
| 183|0x000000008db00000, 0x000000008db00000, 0x000000008dc00000|  0%| F|  |TAMS 0x000000008db00000, 0x000000008db00000| Untracked 
| 184|0x000000008dc00000, 0x000000008dc00000, 0x000000008dd00000|  0%| F|  |TAMS 0x000000008dc00000, 0x000000008dc00000| Untracked 
| 185|0x000000008dd00000, 0x000000008dd00000, 0x000000008de00000|  0%| F|  |TAMS 0x000000008dd00000, 0x000000008dd00000| Untracked 
| 186|0x000000008de00000, 0x000000008de00000, 0x000000008df00000|  0%| F|  |TAMS 0x000000008de00000, 0x000000008de00000| Untracked 
| 187|0x000000008df00000, 0x000000008df00000, 0x000000008e000000|  0%| F|  |TAMS 0x000000008df00000, 0x000000008df00000| Untracked 
| 188|0x000000008e000000, 0x000000008e000000, 0x000000008e100000|  0%| F|  |TAMS 0x000000008e000000, 0x000000008e000000| Untracked 
| 189|0x000000008e100000, 0x000000008e100000, 0x000000008e200000|  0%| F|  |TAMS 0x000000008e100000, 0x000000008e100000| Untracked 
| 190|0x000000008e200000, 0x000000008e200000, 0x000000008e300000|  0%| F|  |TAMS 0x000000008e200000, 0x000000008e200000| Untracked 
| 191|0x000000008e300000, 0x000000008e300000, 0x000000008e400000|  0%| F|  |TAMS 0x000000008e300000, 0x000000008e300000| Untracked 
| 192|0x000000008e400000, 0x000000008e400000, 0x000000008e500000|  0%| F|  |TAMS 0x000000008e400000, 0x000000008e400000| Untracked 
| 193|0x000000008e500000, 0x000000008e500000, 0x000000008e600000|  0%| F|  |TAMS 0x000000008e500000, 0x000000008e500000| Untracked 
| 194|0x000000008e600000, 0x000000008e600000, 0x000000008e700000|  0%| F|  |TAMS 0x000000008e600000, 0x000000008e600000| Untracked 
| 195|0x000000008e700000, 0x000000008e700000, 0x000000008e800000|  0%| F|  |TAMS 0x000000008e700000, 0x000000008e700000| Untracked 
| 196|0x000000008e800000, 0x000000008e800000, 0x000000008e900000|  0%| F|  |TAMS 0x000000008e800000, 0x000000008e800000| Untracked 
| 197|0x000000008e900000, 0x000000008e900000, 0x000000008ea00000|  0%| F|  |TAMS 0x000000008e900000, 0x000000008e900000| Untracked 
| 198|0x000000008ea00000, 0x000000008ea00000, 0x000000008eb00000|  0%| F|  |TAMS 0x000000008ea00000, 0x000000008ea00000| Untracked 
| 199|0x000000008eb00000, 0x000000008eb00000, 0x000000008ec00000|  0%| F|  |TAMS 0x000000008eb00000, 0x000000008eb00000| Untracked 
| 200|0x000000008ec00000, 0x000000008ec00000, 0x000000008ed00000|  0%| F|  |TAMS 0x000000008ec00000, 0x000000008ec00000| Untracked 
| 201|0x000000008ed00000, 0x000000008ed00000, 0x000000008ee00000|  0%| F|  |TAMS 0x000000008ed00000, 0x000000008ed00000| Untracked 
| 202|0x000000008ee00000, 0x000000008ee00000, 0x000000008ef00000|  0%| F|  |TAMS 0x000000008ee00000, 0x000000008ee00000| Untracked 
| 203|0x000000008ef00000, 0x000000008ef00000, 0x000000008f000000|  0%| F|  |TAMS 0x000000008ef00000, 0x000000008ef00000| Untracked 
| 204|0x000000008f000000, 0x000000008f000000, 0x000000008f100000|  0%| F|  |TAMS 0x000000008f000000, 0x000000008f000000| Untracked 
| 205|0x000000008f100000, 0x000000008f100000, 0x000000008f200000|  0%| F|  |TAMS 0x000000008f100000, 0x000000008f100000| Untracked 
| 206|0x000000008f200000, 0x000000008f200000, 0x000000008f300000|  0%| F|  |TAMS 0x000000008f200000, 0x000000008f200000| Untracked 
| 207|0x000000008f300000, 0x000000008f300000, 0x000000008f400000|  0%| F|  |TAMS 0x000000008f300000, 0x000000008f300000| Untracked 
| 208|0x000000008f400000, 0x000000008f400000, 0x000000008f500000|  0%| F|  |TAMS 0x000000008f400000, 0x000000008f400000| Untracked 
| 209|0x000000008f500000, 0x000000008f500000, 0x000000008f600000|  0%| F|  |TAMS 0x000000008f500000, 0x000000008f500000| Untracked 
| 210|0x000000008f600000, 0x000000008f600000, 0x000000008f700000|  0%| F|  |TAMS 0x000000008f600000, 0x000000008f600000| Untracked 
| 211|0x000000008f700000, 0x000000008f700000, 0x000000008f800000|  0%| F|  |TAMS 0x000000008f700000, 0x000000008f700000| Untracked 
| 212|0x000000008f800000, 0x000000008f800000, 0x000000008f900000|  0%| F|  |TAMS 0x000000008f800000, 0x000000008f800000| Untracked 
| 213|0x000000008f900000, 0x000000008f900000, 0x000000008fa00000|  0%| F|  |TAMS 0x000000008f900000, 0x000000008f900000| Untracked 
| 214|0x000000008fa00000, 0x000000008fa00000, 0x000000008fb00000|  0%| F|  |TAMS 0x000000008fa00000, 0x000000008fa00000| Untracked 
| 215|0x000000008fb00000, 0x000000008fb00000, 0x000000008fc00000|  0%| F|  |TAMS 0x000000008fb00000, 0x000000008fb00000| Untracked 
| 216|0x000000008fc00000, 0x000000008fc00000, 0x000000008fd00000|  0%| F|  |TAMS 0x000000008fc00000, 0x000000008fc00000| Untracked 
| 217|0x000000008fd00000, 0x000000008fd00000, 0x000000008fe00000|  0%| F|  |TAMS 0x000000008fd00000, 0x000000008fd00000| Untracked 
| 218|0x000000008fe00000, 0x000000008fe00000, 0x000000008ff00000|  0%| F|  |TAMS 0x000000008fe00000, 0x000000008fe00000| Untracked 
| 219|0x000000008ff00000, 0x000000008ff00000, 0x0000000090000000|  0%| F|  |TAMS 0x000000008ff00000, 0x000000008ff00000| Untracked 
| 220|0x0000000090000000, 0x0000000090000000, 0x0000000090100000|  0%| F|  |TAMS 0x0000000090000000, 0x0000000090000000| Untracked 
| 221|0x0000000090100000, 0x0000000090100000, 0x0000000090200000|  0%| F|  |TAMS 0x0000000090100000, 0x0000000090100000| Untracked 
| 222|0x0000000090200000, 0x0000000090200000, 0x0000000090300000|  0%| F|  |TAMS 0x0000000090200000, 0x0000000090200000| Untracked 
| 223|0x0000000090300000, 0x0000000090300000, 0x0000000090400000|  0%| F|  |TAMS 0x0000000090300000, 0x0000000090300000| Untracked 
| 224|0x0000000090400000, 0x0000000090400000, 0x0000000090500000|  0%| F|  |TAMS 0x0000000090400000, 0x0000000090400000| Untracked 

Card table byte_map: [0x000002bccb220000,0x000002bccb610000] _byte_map_base: 0x000002bccae0e000

Marking Bits (Prev, Next): (CMBitMap*) 0x000002bcb352fb48, (CMBitMap*) 0x000002bcb352fb88
 Prev Bits: [0x000002bccba00000, 0x000002bccd970000)
 Next Bits: [0x000002bccd970000, 0x000002bccf8e0000)

Polling page: 0x000002bcb13e0000

Metaspace:

Usage:
  Non-class:      4.22 MB capacity,     1.11 MB ( 26%) used,     3.11 MB ( 74%) free+waste,     5.25 KB ( <1%) overhead. 
      Class:    433.00 KB capacity,   105.30 KB ( 24%) used,   324.70 KB ( 75%) free+waste,     3.00 KB ( <1%) overhead. 
       Both:      4.64 MB capacity,     1.21 MB ( 26%) used,     3.42 MB ( 74%) free+waste,     8.25 KB ( <1%) overhead. 

Virtual space:
  Non-class space:        8.00 MB reserved,       4.25 MB ( 53%) committed 
      Class space:        1.00 GB reserved,     512.00 KB ( <1%) committed 
             Both:        1.01 GB reserved,       4.75 MB ( <1%) committed 

Chunk freelists:
   Non-Class:  29.00 KB
       Class:  0 bytes
        Both:  29.00 KB

MaxMetaspaceSize: 17179869184.00 GB
CompressedClassSpaceSize: 1.00 GB

CodeHeap 'non-profiled nmethods': size=120000Kb used=516Kb max_used=516Kb free=119483Kb
 bounds [0x000002bcc34c0000, 0x000002bcc3730000, 0x000002bcca9f0000]
CodeHeap 'profiled nmethods': size=120000Kb used=1147Kb max_used=1147Kb free=118852Kb
 bounds [0x000002bcbbf90000, 0x000002bcbc200000, 0x000002bcc34c0000]
CodeHeap 'non-nmethods': size=5760Kb used=1126Kb max_used=1168Kb free=4633Kb
 bounds [0x000002bcbb9f0000, 0x000002bcbbc60000, 0x000002bcbbf90000]
 total_blobs=1565 nmethods=610 adapters=272
 compilation: enabled
              stopped_count=0, restarted_count=0
 full_count=0

Compilation events (20 events):
Event: 0.575 Thread 0x000002bcd2341000  605       3       java.util.ComparableTimSort::mergeAt (356 bytes)
Event: 0.576 Thread 0x000002bcd2341000 nmethod 605 0x000002bcbc0adf90 code [0x000002bcbc0ae1c0, 0x000002bcbc0aea20]
Event: 0.594 Thread 0x000002bcd2e42800  606 %     4       java.util.ComparableTimSort::mergeLo @ 147 (656 bytes)
Event: 0.617 Thread 0x000002bcd2e42800 nmethod 606% 0x000002bcc352c110 code [0x000002bcc352c320, 0x000002bcc352d888]
Event: 0.617 Thread 0x000002bcd2e42800  607       4       java.util.Arrays::copyOfRange (64 bytes)
Event: 0.619 Thread 0x000002bcd2e42800 nmethod 607 0x000002bcc352e190 code [0x000002bcc352e320, 0x000002bcc352e578]
Event: 0.619 Thread 0x000002bcd2e42800  608       4       java.util.ComparableTimSort::mergeLo (656 bytes)
Event: 0.624 Thread 0x000002bcd2e8c800 nmethod 596 0x000002bcc352e690 code [0x000002bcc352ea00, 0x000002bcc3531ea0]
Event: 0.624 Thread 0x000002bcd2e8c800  609       4       java.lang.AbstractStringBuilder::appendChars (207 bytes)
Event: 0.629 Thread 0x000002bcd2331800 nmethod 590 0x000002bcc3533490 code [0x000002bcc3533820, 0x000002bcc35378c0]
Event: 0.634 Thread 0x000002bcd2e8c800 nmethod 609 0x000002bcc3539690 code [0x000002bcc3539840, 0x000002bcc353a258]
Event: 0.641 Thread 0x000002bcd2331800  610 %     4       java.util.ComparableTimSort::binarySort @ 72 (223 bytes)
Event: 0.647 Thread 0x000002bcd2331800 nmethod 610% 0x000002bcc353a690 code [0x000002bcc353a860, 0x000002bcc353b228]
Event: 0.649 Thread 0x000002bcd2e42800 nmethod 608 0x000002bcc353b610 code [0x000002bcc353b820, 0x000002bcc353d0e8]
Event: 0.652 Thread 0x000002bcd2e42800  611       4       java.util.ComparableTimSort::binarySort (223 bytes)
Event: 0.658 Thread 0x000002bcd2e42800 nmethod 611 0x000002bcc353db90 code [0x000002bcc353dd40, 0x000002bcc353e588]
Event: 0.696 Thread 0x000002bcd2e42800  612 %     4       java.util.ComparableTimSort::mergeHi @ 185 (729 bytes)
Event: 0.705 Thread 0x000002bcd2e8c800  613       4       java.util.ComparableTimSort::pushRun (31 bytes)
Event: 0.706 Thread 0x000002bcd2e8c800 nmethod 613 0x000002bcc353e910 code [0x000002bcc353eaa0, 0x000002bcc353eb98]
Event: 0.712 Thread 0x000002bcd2e42800 nmethod 612% 0x000002bcc353ec90 code [0x000002bcc353eea0, 0x000002bcc35406a8]

GC Heap History (17 events):
Event: 0.209 GC heap before
{Heap before GC invocations=0 (full 0):
 garbage-first heap   total 129024K, used 24576K [0x0000000082400000, 0x0000000100000000)
  region size 1024K, 24 young (24576K), 0 survivors (0K)
 Metaspace       used 1163K, capacity 4756K, committed 4864K, reserved 1056768K
  class space    used 104K, capacity 433K, committed 512K, reserved 1048576K
}
Event: 0.212 GC heap after
{Heap after GC invocations=1 (full 0):
 garbage-first heap   total 129024K, used 1912K [0x0000000082400000, 0x0000000100000000)
  region size 1024K, 2 young (2048K), 2 survivors (2048K)
 Metaspace       used 1163K, capacity 4756K, committed 4864K, reserved 1056768K
  class space    used 104K, capacity 433K, committed 512K, reserved 1048576K
}
Event: 0.312 GC heap before
{Heap before GC invocations=1 (full 0):
 garbage-first heap   total 129024K, used 76664K [0x0000000082400000, 0x0000000100000000)
  region size 1024K, 75 young (76800K), 2 survivors (2048K)
 Metaspace       used 1195K, capacity 4756K, committed 4864K, reserved 1056768K
  class space    used 104K, capacity 433K, committed 512K, reserved 1048576K
}
Event: 0.318 GC heap after
{Heap after GC invocations=2 (full 0):
 garbage-first heap   total 129024K, used 5027K [0x0000000082400000, 0x0000000100000000)
  region size 1024K, 5 young (5120K), 5 survivors (5120K)
 Metaspace       used 1195K, capacity 4756K, committed 4864K, reserved 1056768K
  class space    used 104K, capacity 433K, committed 512K, reserved 1048576K
}
Event: 0.364 GC heap before
{Heap before GC invocations=2 (full 0):
 garbage-first heap   total 129024K, used 76707K [0x0000000082400000, 0x0000000100000000)
  region size 1024K, 75 young (76800K), 5 survivors (5120K)
 Metaspace       used 1196K, capacity 4756K, committed 4864K, reserved 1056768K
  class space    used 104K, capacity 433K, committed 512K, reserved 1048576K
}
Event: 0.371 GC heap after
{Heap after GC invocations=3 (full 0):
 garbage-first heap   total 129024K, used 8192K [0x0000000082400000, 0x0000000100000000)
  region size 1024K, 8 young (8192K), 8 survivors (8192K)
 Metaspace       used 1196K, capacity 4756K, committed 4864K, reserved 1056768K
  class space    used 104K, capacity 433K, committed 512K, reserved 1048576K
}
Event: 0.399 GC heap before
{Heap before GC invocations=3 (full 0):
 garbage-first heap   total 129024K, used 76800K [0x0000000082400000, 0x0000000100000000)
  region size 1024K, 75 young (76800K), 8 survivors (8192K)
 Metaspace       used 1198K, capacity 4756K, committed 4864K, reserved 1056768K
  class space    used 104K, capacity 433K, committed 512K, reserved 1048576K
}
Event: 0.409 GC heap after
{Heap after GC invocations=4 (full 0):
 garbage-first heap   total 129024K, used 10919K [0x0000000082400000, 0x0000000100000000)
  region size 1024K, 6 young (6144K), 6 survivors (6144K)
 Metaspace       used 1198K, capacity 4756K, committed 4864K, reserved 1056768K
  class space    used 104K, capacity 433K, committed 512K, reserved 1048576K
}
Event: 0.448 GC heap before
{Heap before GC invocations=4 (full 0):
 garbage-first heap   total 129024K, used 81575K [0x0000000082400000, 0x0000000100000000)
  region size 1024K, 75 young (76800K), 6 survivors (6144K)
 Metaspace       used 1205K, capacity 4756K, committed 4864K, reserved 1056768K
  class space    used 104K, capacity 433K, committed 512K, reserved 1048576K
}
Event: 0.457 GC heap after
{Heap after GC invocations=5 (full 0):
 garbage-first heap   total 230400K, used 13994K [0x0000000082400000, 0x0000000100000000)
  region size 1024K, 6 young (6144K), 6 survivors (6144K)
 Metaspace       used 1205K, capacity 4756K, committed 4864K, reserved 1056768K
  class space    used 104K, capacity 433K, committed 512K, reserved 1048576K
}
Event: 0.540 GC heap before
{Heap before GC invocations=5 (full 0):
 garbage-first heap   total 230400K, used 126634K [0x0000000082400000, 0x0000000100000000)
  region size 1024K, 116 young (118784K), 6 survivors (6144K)
 Metaspace       used 1235K, capacity 4756K, committed 4864K, reserved 1056768K
  class space    used 105K, capacity 433K, committed 512K, reserved 1048576K
}
Event: 0.546 GC heap after
{Heap after GC invocations=6 (full 0):
 garbage-first heap   total 230400K, used 16449K [0x0000000082400000, 0x0000000100000000)
  region size 1024K, 9 young (9216K), 9 survivors (9216K)
 Metaspace       used 1235K, capacity 4756K, committed 4864K, reserved 1056768K
  class space    used 105K, capacity 433K, committed 512K, reserved 1048576K
}
Event: 0.605 GC heap before
{Heap before GC invocations=6 (full 0):
 garbage-first heap   total 230400K, used 145473K [0x0000000082400000, 0x0000000100000000)
  region size 1024K, 135 young (138240K), 9 survivors (9216K)
 Metaspace       used 1242K, capacity 4756K, committed 4864K, reserved 1056768K
  class space    used 105K, capacity 433K, committed 512K, reserved 1048576K
}
Event: 0.612 GC heap after
{Heap after GC invocations=7 (full 0):
 garbage-first heap   total 230400K, used 16603K [0x0000000082400000, 0x0000000100000000)
  region size 1024K, 9 young (9216K), 9 survivors (9216K)
 Metaspace       used 1242K, capacity 4756K, committed 4864K, reserved 1056768K
  class space    used 105K, capacity 433K, committed 512K, reserved 1048576K
}
Event: 0.663 GC heap before
{Heap before GC invocations=7 (full 0):
 garbage-first heap   total 230400K, used 145627K [0x0000000082400000, 0x0000000100000000)
  region size 1024K, 135 young (138240K), 9 survivors (9216K)
 Metaspace       used 1242K, capacity 4756K, committed 4864K, reserved 1056768K
  class space    used 105K, capacity 433K, committed 512K, reserved 1048576K
}
Event: 0.668 GC heap after
{Heap after GC invocations=8 (full 0):
 garbage-first heap   total 230400K, used 16643K [0x0000000082400000, 0x0000000100000000)
  region size 1024K, 9 young (9216K), 9 survivors (9216K)
 Metaspace       used 1242K, capacity 4756K, committed 4864K, reserved 1056768K
  class space    used 105K, capacity 433K, committed 512K, reserved 1048576K
}
Event: 0.713 GC heap before
{Heap before GC invocations=8 (full 0):
 garbage-first heap   total 230400K, used 145667K [0x0000000082400000, 0x0000000100000000)
  region size 1024K, 135 young (138240K), 9 survivors (9216K)
 Metaspace       used 1242K, capacity 4756K, committed 4864K, reserved 1056768K
  class space    used 105K, capacity 433K, committed 512K, reserved 1048576K
}

Deoptimization events (20 events):
Event: 0.498 Thread 0x000002bcb34ea800 DEOPT PACKING pc=0x000002bcc3511350 sp=0x000000fbc58fee80
Event: 0.498 Thread 0x000002bcb34ea800 DEOPT UNPACKING pc=0x000002bcbba3912f sp=0x000000fbc58fec98 mode 2
Event: 0.498 Thread 0x000002bcb34ea800 Uncommon trap: trap_request=0xffffff45 fr.pc=0x000002bcc350b1e0 relative=0x0000000000000820
Event: 0.498 Thread 0x000002bcb34ea800 Uncommon trap: reason=unstable_if action=reinterpret pc=0x000002bcc350b1e0 method=java.lang.AbstractStringBuilder.appendChars(Ljava/lang/String;II)V @ 11 c2
Event: 0.498 Thread 0x000002bcb34ea800 DEOPT PACKING pc=0x000002bcc350b1e0 sp=0x000000fbc58fecf0
Event: 0.498 Thread 0x000002bcb34ea800 DEOPT UNPACKING pc=0x000002bcbba3912f sp=0x000000fbc58feca0 mode 2
Event: 0.530 Thread 0x000002bcb34ea800 Uncommon trap: trap_request=0xffffff45 fr.pc=0x000002bcc3523508 relative=0x0000000000003d28
Event: 0.530 Thread 0x000002bcb34ea800 Uncommon trap: reason=unstable_if action=reinterpret pc=0x000002bcc3523508 method=java.lang.AbstractStringBuilder.appendChars(Ljava/lang/String;II)V @ 11 c2
Event: 0.530 Thread 0x000002bcb34ea800 DEOPT PACKING pc=0x000002bcc3523508 sp=0x000000fbc58fee60
Event: 0.530 Thread 0x000002bcb34ea800 DEOPT UNPACKING pc=0x000002bcbba3912f sp=0x000000fbc58fec08 mode 2
Event: 0.618 Thread 0x000002bcb34ea800 DEOPT PACKING pc=0x000002bcbc0a4f31 sp=0x000000fbc58fef90
Event: 0.618 Thread 0x000002bcb34ea800 DEOPT UNPACKING pc=0x000002bcbba3964e sp=0x000000fbc58fe470 mode 0
Event: 0.627 Thread 0x000002bcb34ea800 DEOPT PACKING pc=0x000002bcbc0a4f31 sp=0x000000fbc58fef90
Event: 0.627 Thread 0x000002bcb34ea800 DEOPT UNPACKING pc=0x000002bcbba3964e sp=0x000000fbc58fe470 mode 0
Event: 0.637 Thread 0x000002bcb34ea800 DEOPT PACKING pc=0x000002bcbc0a4f31 sp=0x000000fbc58fef90
Event: 0.637 Thread 0x000002bcb34ea800 DEOPT UNPACKING pc=0x000002bcbba3964e sp=0x000000fbc58fe470 mode 0
Event: 0.648 Thread 0x000002bcb34ea800 DEOPT PACKING pc=0x000002bcbc0a4f31 sp=0x000000fbc58fef90
Event: 0.648 Thread 0x000002bcb34ea800 DEOPT UNPACKING pc=0x000002bcbba3964e sp=0x000000fbc58fe470 mode 0
Event: 0.652 Thread 0x000002bcb34ea800 DEOPT PACKING pc=0x000002bcbc0a1acc sp=0x000000fbc58ff0b0
Event: 0.652 Thread 0x000002bcb34ea800 DEOPT UNPACKING pc=0x000002bcbba3964e sp=0x000000fbc58fe568 mode 0

Classes unloaded (0 events):
No events

Classes redefined (0 events):
No events

Internal exceptions (3 events):
Event: 0.054 Thread 0x000002bcb34ea800 Exception <a 'java/lang/NoSuchMethodError'{0x000000008a1a9cc8}: 'int java.lang.invoke.DirectMethodHandle$Holder.invokeSpecial(java.lang.Object, java.lang.Object, java.lang.Object, java.lang.Object)'> (0x000000008a1a9cc8) 
thrown [t:/workspace/open/src/hotspot/share/interpreter/linkResolver.cpp, line 767]
Event: 0.057 Thread 0x000002bcb34ea800 Exception <a 'java/lang/NoSuchMethodError'{0x000000008a1b1a00}: 'void java.lang.invoke.DirectMethodHandle$Holder.invokeVirtual(java.lang.Object, java.lang.Object)'> (0x000000008a1b1a00) 
thrown [t:/workspace/open/src/hotspot/share/interpreter/linkResolver.cpp, line 767]
Event: 0.089 Thread 0x000002bcb34ea800 Exception <a 'java/lang/NoSuchMethodError'{0x000000008a07cb80}: 'int java.lang.invoke.DirectMethodHandle$Holder.invokeSpecialIFC(java.lang.Object, java.lang.Object, int)'> (0x000000008a07cb80) 
thrown [t:/workspace/open/src/hotspot/share/interpreter/linkResolver.cpp, line 767]

Events (20 events):
Event: 0.152 Thread 0x000002bcd2e42800 Thread added: 0x000002bcd2e42800
Event: 0.209 Executing VM operation: G1CollectForAllocation
Event: 0.212 Executing VM operation: G1CollectForAllocation done
Event: 0.312 Executing VM operation: G1CollectForAllocation
Event: 0.318 Executing VM operation: G1CollectForAllocation done
Event: 0.364 Executing VM operation: G1CollectForAllocation
Event: 0.371 Executing VM operation: G1CollectForAllocation done
Event: 0.399 Executing VM operation: G1CollectForAllocation
Event: 0.409 Executing VM operation: G1CollectForAllocation done
Event: 0.448 Executing VM operation: G1CollectForAllocation
Event: 0.457 Executing VM operation: G1CollectForAllocation done
Event: 0.497 loading class java/util/ComparableTimSort
Event: 0.497 loading class java/util/ComparableTimSort done
Event: 0.540 Executing VM operation: G1CollectForAllocation
Event: 0.546 Executing VM operation: G1CollectForAllocation done
Event: 0.605 Executing VM operation: G1CollectForAllocation
Event: 0.612 Executing VM operation: G1CollectForAllocation done
Event: 0.663 Executing VM operation: G1CollectForAllocation
Event: 0.668 Executing VM operation: G1CollectForAllocation done
Event: 0.713 Executing VM operation: G1CollectForAllocation


Dynamic libraries:
0x00007ff6ba190000 - 0x00007ff6ba19f000 	C:\Program Files\Java\jdk-13.0.2\bin\javaw.exe
0x00007ff89acb0000 - 0x00007ff89ae9d000 	C:\Windows\SYSTEM32\ntdll.dll
0x00007ff898870000 - 0x00007ff898923000 	C:\Windows\System32\KERNEL32.DLL
0x00007ff896ee0000 - 0x00007ff897173000 	C:\Windows\System32\KERNELBASE.dll
0x00007ff896de0000 - 0x00007ff896edc000 	C:\Windows\System32\ucrtbase.dll
0x00007ff87e0c0000 - 0x00007ff87e0d5000 	C:\Program Files\Java\jdk-13.0.2\bin\VCRUNTIME140.dll
0x00007ff87da90000 - 0x00007ff87daa8000 	C:\Program Files\Java\jdk-13.0.2\bin\jli.dll
0x00007ff897f80000 - 0x00007ff898023000 	C:\Windows\System32\ADVAPI32.dll
0x00007ff897ee0000 - 0x00007ff897f7e000 	C:\Windows\System32\msvcrt.dll
0x00007ff898ef0000 - 0x00007ff898f8e000 	C:\Windows\System32\sechost.dll
0x00007ff898d00000 - 0x00007ff898e22000 	C:\Windows\System32\RPCRT4.dll
0x00007ff898930000 - 0x00007ff898ac7000 	C:\Windows\System32\USER32.dll
0x00007ff8978d0000 - 0x00007ff8978f0000 	C:\Windows\System32\win32u.dll
0x00007ff899690000 - 0x00007ff8996b9000 	C:\Windows\System32\GDI32.dll
0x00007ff897d40000 - 0x00007ff897eda000 	C:\Windows\System32\gdi32full.dll
0x00007ff897970000 - 0x00007ff897a10000 	C:\Windows\System32\msvcp_win.dll
0x00007ff889a30000 - 0x00007ff889ca9000 	C:\Windows\WinSxS\amd64_microsoft.windows.common-controls_6595b64144ccf1df_6.0.17763.253_none_05b2388e0721fece\COMCTL32.dll
0x00007ff899300000 - 0x00007ff89962d000 	C:\Windows\System32\combase.dll
0x00007ff8978f0000 - 0x00007ff89796e000 	C:\Windows\System32\bcryptPrimitives.dll
0x00007ff891460000 - 0x00007ff89146a000 	C:\Windows\SYSTEM32\VERSION.dll
0x00007ff898210000 - 0x00007ff89823e000 	C:\Windows\System32\IMM32.DLL
0x00007ff8703e0000 - 0x00007ff87047b000 	C:\Program Files\Java\jdk-13.0.2\bin\msvcp140.dll
0x00007ff824a80000 - 0x00007ff8255dd000 	C:\Program Files\Java\jdk-13.0.2\bin\server\jvm.dll
0x00007ff898030000 - 0x00007ff898038000 	C:\Windows\System32\PSAPI.DLL
0x00007ff88bd60000 - 0x00007ff88bd84000 	C:\Windows\SYSTEM32\WINMM.dll
0x00007ff88d6e0000 - 0x00007ff88d6e9000 	C:\Windows\SYSTEM32\WSOCK32.dll
0x00007ff899120000 - 0x00007ff89918d000 	C:\Windows\System32\WS2_32.dll
0x00007ff88bd30000 - 0x00007ff88bd5d000 	C:\Windows\SYSTEM32\winmmbase.dll
0x00007ff897cc0000 - 0x00007ff897d0a000 	C:\Windows\System32\cfgmgr32.dll
0x00007ff896d60000 - 0x00007ff896d71000 	C:\Windows\System32\kernel.appcore.dll
0x00007ff88d650000 - 0x00007ff88d660000 	C:\Program Files\Java\jdk-13.0.2\bin\verify.dll
0x00007ff8956c0000 - 0x00007ff8958ad000 	C:\Windows\SYSTEM32\DBGHELP.DLL
0x00007ff88e650000 - 0x00007ff88e67a000 	C:\Windows\SYSTEM32\dbgcore.DLL
0x00007ff87b200000 - 0x00007ff87b226000 	C:\Program Files\Java\jdk-13.0.2\bin\java.dll
0x00007ff88a0b0000 - 0x00007ff88a0c7000 	C:\Program Files\Java\jdk-13.0.2\bin\zip.dll
0x00007ff88b8e0000 - 0x00007ff88b8ea000 	C:\Program Files\Java\jdk-13.0.2\bin\jimage.dll
0x00007ff8996e0000 - 0x00007ff89abcf000 	C:\Windows\System32\SHELL32.dll
0x00007ff898e30000 - 0x00007ff898ed8000 	C:\Windows\System32\shcore.dll
0x00007ff897180000 - 0x00007ff8978ca000 	C:\Windows\System32\windows.storage.dll
0x00007ff896cb0000 - 0x00007ff896cd4000 	C:\Windows\System32\profapi.dll
0x00007ff896ce0000 - 0x00007ff896d3d000 	C:\Windows\System32\powrprof.dll
0x00007ff8986c0000 - 0x00007ff898712000 	C:\Windows\System32\shlwapi.dll
0x00007ff897ca0000 - 0x00007ff897cb7000 	C:\Windows\System32\cryptsp.dll
0x00007ff886380000 - 0x00007ff886399000 	C:\Program Files\Java\jdk-13.0.2\bin\net.dll
0x00007ff88d350000 - 0x00007ff88d441000 	C:\Windows\SYSTEM32\WINHTTP.dll
0x00007ff896540000 - 0x00007ff8965a7000 	C:\Windows\system32\mswsock.dll
0x00007ff882910000 - 0x00007ff882923000 	C:\Program Files\Java\jdk-13.0.2\bin\nio.dll

dbghelp: loaded successfully - version: 4.0.5 - missing functions: none
symbol engine: initialized successfully - sym options: 0x614 - pdb path: .;C:\Program Files\Java\jdk-13.0.2\bin;C:\Windows\SYSTEM32;C:\Windows\WinSxS\amd64_microsoft.windows.common-controls_6595b64144ccf1df_6.0.17763.253_none_05b2388e0721fece;C:\Program Files\Java\jdk-13.0.2\bin\server

VM Arguments:
jvm_args: -Dfile.encoding=MS874 --module-path=D:\OUM\Ле1-2\CPE111\WK6\bin -Djdk.module.main=ass6 
java_command: ass6/ass6.ass6
java_class_path (initial): <not set>
Launcher Type: SUN_STANDARD

[Global flags]
     intx CICompilerCount                          = 4                                         {product} {ergonomic}
     uint ConcGCThreads                            = 2                                         {product} {ergonomic}
     uint G1ConcRefinementThreads                  = 8                                         {product} {ergonomic}
   size_t G1HeapRegionSize                         = 1048576                                   {product} {ergonomic}
    uintx GCDrainStackTargetSize                   = 64                                        {product} {ergonomic}
   size_t InitialHeapSize                          = 132120576                                 {product} {ergonomic}
   size_t MarkStackSize                            = 4194304                                   {product} {ergonomic}
   size_t MaxHeapSize                              = 2109734912                                {product} {ergonomic}
   size_t MaxNewSize                               = 1265631232                                {product} {ergonomic}
   size_t MinHeapDeltaBytes                        = 1048576                                   {product} {ergonomic}
   size_t MinHeapSize                              = 8388608                                   {product} {ergonomic}
    uintx NonNMethodCodeHeapSize                   = 5839372                                {pd product} {ergonomic}
    uintx NonProfiledCodeHeapSize                  = 122909434                              {pd product} {ergonomic}
    uintx ProfiledCodeHeapSize                     = 122909434                              {pd product} {ergonomic}
    uintx ReservedCodeCacheSize                    = 251658240                              {pd product} {ergonomic}
     bool SegmentedCodeCache                       = true                                      {product} {ergonomic}
   size_t SoftMaxHeapSize                          = 2109734912                             {manageable} {ergonomic}
     bool UseCompressedClassPointers               = true                                 {lp64_product} {ergonomic}
     bool UseCompressedOops                        = true                                 {lp64_product} {ergonomic}
     bool UseG1GC                                  = true                                      {product} {ergonomic}
     bool UseLargePagesIndividualAllocation        = false                                  {pd product} {ergonomic}

Logging:
Log output configuration:
 #0: stdout all=warning uptime,level,tags
 #1: stderr all=off uptime,level,tags

Environment Variables:
PATH=C:/Program Files/Java/jdk-13.0.2/bin/server;C:/Program Files/Java/jdk-13.0.2/bin;C:\Program Files (x86)\Common Files\Intel\Shared Libraries\redist\intel64\compiler;C:\Windows\system32;C:\Windows;C:\Windows\System32\Wbem;C:\Windows\System32\WindowsPowerShell\v1.0\;C:\Windows\System32\OpenSSH\;C:\Program Files\Java\jdk-13.0.2\bin;C:\Users\ADMIN\AppData\Local\Microsoft\WindowsApps;;C:\Users\ADMIN\Desktop;
USERNAME=ADMIN
OS=Windows_NT
PROCESSOR_IDENTIFIER=Intel64 Family 6 Model 142 Stepping 11, GenuineIntel



---------------  S Y S T E M  ---------------

OS: Windows 10 , 64 bit Build 17763 (10.0.17763.1)

CPU:total 8 (initial active 8) (4 cores per cpu, 2 threads per core) family 6 model 142 stepping 11, cmov, cx8, fxsr, mmx, sse, sse2, sse3, ssse3, sse4.1, sse4.2, popcnt, avx, avx2, aes, clmul, erms, 3dnowpref, lzcnt, ht, tsc, tscinvbit, bmi1, bmi2, adx, fma

Memory: 4k page, system-wide physical 8042M (577M free)
TotalPageFile size 32578M (AvailPageFile size 111M)
current process WorkingSet (physical memory assigned to process): 242M, peak: 244M
current process commit charge ("private bytes"): 335M, peak: 535M

vm_info: Java HotSpot(TM) 64-Bit Server VM (13.0.2+8) for windows-amd64 JRE (13.0.2+8), built on Dec 11 2019 09:20:33 by "mach5one" with unknown MS VC++:1916

END.
