#-----------------------------------------------------------
# Vivado v2020.1 (64-bit)
# SW Build 2902540 on Wed May 27 19:54:49 MDT 2020
# IP Build 2902112 on Wed May 27 22:43:36 MDT 2020
# Start of session at: Mon Dec  7 13:58:54 2020
# Process ID: 260
# Current directory: D:/OUM/2-1/CPE223 Digital/LAB9
# Command line: vivado.exe -gui_launcher_event rodinguilauncherevent6804 D:\OUM\2-1\CPE223 Digital\LAB9\LAB9.xpr
# Log file: D:/OUM/2-1/CPE223 Digital/LAB9/vivado.log
# Journal file: D:/OUM/2-1/CPE223 Digital/LAB9\vivado.jou
#-----------------------------------------------------------
start_gui
open_project {D:/OUM/2-1/CPE223 Digital/LAB9/LAB9.xpr}
Scanning sources...
Finished scanning sources
INFO: [IP_Flow 19-234] Refreshing IP repositories
INFO: [IP_Flow 19-1704] No user IP repositories specified
INFO: [IP_Flow 19-2313] Loaded Vivado IP repository 'D:/Program/Xilinx/Vivado/2020.1/data/ip'.
update_compile_order -fileset sources_1
exit
INFO: [Common 17-206] Exiting Vivado at Mon Dec  7 13:59:46 2020...
