#-----------------------------------------------------------
# Vivado v2020.1 (64-bit)
# SW Build 2902540 on Wed May 27 19:54:49 MDT 2020
# IP Build 2902112 on Wed May 27 22:43:36 MDT 2020
# Start of session at: Tue Dec  1 14:20:44 2020
# Process ID: 916
# Current directory: D:/OUM/2-1/CPE223 Digital/lab8/LAB8
# Command line: vivado.exe -gui_launcher_event rodinguilauncherevent8948 D:\OUM\2-1\CPE223 Digital\lab8\LAB8\LAB8.xpr
# Log file: D:/OUM/2-1/CPE223 Digital/lab8/LAB8/vivado.log
# Journal file: D:/OUM/2-1/CPE223 Digital/lab8/LAB8\vivado.jou
#-----------------------------------------------------------
start_gui
open_project {D:/OUM/2-1/CPE223 Digital/lab8/LAB8/LAB8.xpr}
Scanning sources...
Finished scanning sources
WARNING: [filemgmt 56-3] Default IP Output Path : Could not find the directory 'D:/OUM/2-1/CPE223 Digital/lab8/LAB8/LAB8.srcs/sources_1'.
INFO: [IP_Flow 19-234] Refreshing IP repositories
INFO: [IP_Flow 19-1704] No user IP repositories specified
INFO: [IP_Flow 19-2313] Loaded Vivado IP repository 'D:/Program/Xilinx/Vivado/2020.1/data/ip'.
open_project: Time (s): cpu = 00:00:18 ; elapsed = 00:00:07 . Memory (MB): peak = 1013.270 ; gain = 0.000
update_compile_order -fileset sources_1
exit
INFO: [Common 17-206] Exiting Vivado at Tue Dec  1 14:21:51 2020...
